<?xml version="1.0" encoding="UTF-8"?>
<!-- Generated by org.testng.reporters.JUnitReportReporter -->
<testsuite hostname="Punchh-RahulGs-MacBook-Pro.local" failures="0" tests="2" name="com.qa.test.FetchDetailsFromAPIAndLogin" time="89.926" errors="0" timestamp="21 Oct 2022 06:11:34 GMT" skipped="0">
  <testcase classname="com.qa.test.FetchDetailsFromAPIAndLogin" name="fetchFromAPIAndCreateAccount" time="44.715"/>
  <testcase classname="com.qa.test.FetchDetailsFromAPIAndLogin" name="purchaseOrder" time="45.211"/>
</testsuite> <!-- com.qa.test.FetchDetailsFromAPIAndLogin -->
